19:49:31.286 [debug] Child {LoggerFileBackend, :general_log} of Supervisor Logger.Backends.Supervisor started
Pid: #PID<0.114.0>
Start Call: Logger.Backends.Watcher.start_link({{LoggerFileBackend, :general_log}, {LoggerFileBackend, :general_log}})
Restart: :transient
Shutdown: 5000
Type: :worker
19:49:31.286 [info] Child Logger.Backends.Supervisor of Supervisor Logger.Backends.Internal started
Pid: #PID<0.113.0>
Start Call: Logger.Backends.Supervisor.start_link([{LoggerFileBackend, :general_log}])
Restart: :permanent
Shutdown: :infinity
Type: :supervisor
19:49:31.286 [info] Child Logger.Backends.Internal of Supervisor Logger.Supervisor started
Pid: #PID<0.109.0>
Start Call: Logger.Backends.Internal.start_link([])
Restart: :permanent
Shutdown: :infinity
Type: :supervisor
19:49:31.286 [info] Application logger started at :nonode@nohost
19:49:32.399 [info] Child :ttb_autostart of Supervisor :runtime_tools_sup started
Pid: #PID<0.1539.0>
Start Call: :ttb_autostart.start_link()
Restart: :temporary
Shutdown: 3000
Type: :worker
19:49:32.399 [info] Application runtime_tools started at :nonode@nohost
19:49:32.399 [info] Application erts started at :nonode@nohost
19:49:32.399 [info] Application lx_lexical_shared started at :nonode@nohost
19:49:32.400 [info] Application lx_lexical_test started at :nonode@nohost
19:49:32.401 [info] Child LXSnowflake.Generator of Supervisor #PID<0.1542.0> (Supervisor.Default) started
Pid: #PID<0.1543.0>
Start Call: LXSnowflake.Generator.start_link(1704070800000, 1)
Restart: :permanent
Shutdown: 5000
Type: :worker
19:49:32.401 [info] Application lx_snowflake started at :nonode@nohost
19:49:32.401 [info] Application lx_sourceror started at :nonode@nohost
19:49:32.402 [info] Application lx_common started at :nonode@nohost
19:49:32.402 [info] Application lx_elixir_sense started at :nonode@nohost
19:49:32.405 [info] Application jason started at :nonode@nohost
19:49:32.405 [info] Application logger_file_backend started at :nonode@nohost
19:49:32.405 [info] Application lx_path_glob started at :nonode@nohost
19:49:32.405 [info] Application lx_proto started at :nonode@nohost
19:49:32.405 [info] Application lx_protocol started at :nonode@nohost
19:49:32.426 [info] Child LXical.Document.Store of Supervisor LXical.Server.Supervisor started
Pid: #PID<0.1547.0>
Start Call: LXical.Document.Store.start_link([derive: [analysis: &LXical.Ast.analyze/1]])
Restart: :permanent
Shutdown: 5000
Type: :worker
19:49:32.431 [info] Child LXical.Server of Supervisor LXical.Server.Supervisor started
Pid: #PID<0.1548.0>
Start Call: LXical.Server.start_link([])
Restart: :permanent
Shutdown: 5000
Type: :worker
19:49:32.431 [info] Child LXical.Server.ProjectSupervisor of Supervisor LXical.Server.Supervisor started
Pid: #PID<0.1549.0>
Start Call: DynamicSupervisor.start_link([name: LXical.Server.ProjectSupervisor, strategy: :one_for_one])
Restart: :permanent
Shutdown: :infinity
Type: :supervisor
19:49:32.431 [info] Child LXical.Server.TaskQueue.State.TaskSupervisor of Supervisor LXical.Server.Supervisor started
Pid: #PID<0.1550.0>
Start Call: Task.Supervisor.start_link([name: LXical.Server.TaskQueue.State.TaskSupervisor])
Restart: :permanent
Shutdown: :infinity
Type: :supervisor
19:49:32.431 [info] Child LXical.Server.TaskQueue of Supervisor LXical.Server.Supervisor started
Pid: #PID<0.1551.0>
Start Call: LXical.Server.TaskQueue.start_link([])
Restart: :permanent
Shutdown: 5000
Type: :worker
19:49:32.431 [info] Child LXical.Server.Transport.StdIO of Supervisor LXical.Server.Supervisor started
Pid: #PID<0.1552.0>
Start Call: LXical.Server.Transport.StdIO.start_link(:standard_io, &LXical.Server.protocol_message/1)
Restart: :permanent
Shutdown: 5000
Type: :worker
19:49:32.431 [info] Application lx_server started at :nonode@nohost
19:49:32.456 [info] Starting project at uri 
19:49:32.468 [info] Lexical Initialized
19:49:32.471 [info] opened file:///home/lvn/codes/elixir/learn-elixir/midterm/payment_server/lib/payment_server_web/channels/user_channel.ex
19:50:43.324 [error] Shutting down
19:50:43.325 [warning] Received an Exit notification. Halting the server in 150ms
19:50:43.327 [debug] Child :timer_server of Supervisor :kernel_sup started
Pid: #PID<0.1553.0>
Start Call: :timer.start_link()
Restart: :permanent
Shutdown: 1000
Type: :worker
19:50:43.329 [error] stdio received :eof, server will stop.
19:50:43.329 [error] Child LXical.Server.Transport.StdIO of Supervisor LXical.Server.Supervisor terminated
** (exit) normal
Pid: #PID<0.1552.0>
Start Call: LXical.Server.Transport.StdIO.start_link(:standard_io, &LXical.Server.protocol_message/1)
Restart: :permanent
Shutdown: 5000
Type: :worker
19:50:43.329 [info] Child LXical.Server.Transport.StdIO of Supervisor LXical.Server.Supervisor started
Pid: #PID<0.1554.0>
Start Call: LXical.Server.Transport.StdIO.start_link(:standard_io, &LXical.Server.protocol_message/1)
Restart: :permanent
Shutdown: 5000
Type: :worker
19:50:43.330 [error] stdio received :eof, server will stop.
19:50:43.330 [error] Child LXical.Server.Transport.StdIO of Supervisor LXical.Server.Supervisor terminated
** (exit) normal
Pid: #PID<0.1554.0>
Start Call: LXical.Server.Transport.StdIO.start_link(:standard_io, &LXical.Server.protocol_message/1)
Restart: :permanent
Shutdown: 5000
Type: :worker
19:50:43.330 [info] Child LXical.Server.Transport.StdIO of Supervisor LXical.Server.Supervisor started
Pid: #PID<0.1555.0>
Start Call: LXical.Server.Transport.StdIO.start_link(:standard_io, &LXical.Server.protocol_message/1)
Restart: :permanent
Shutdown: 5000
Type: :worker
19:50:43.330 [error] stdio received :eof, server will stop.
19:50:43.330 [error] Child LXical.Server.Transport.StdIO of Supervisor LXical.Server.Supervisor terminated
** (exit) normal
Pid: #PID<0.1555.0>
Start Call: LXical.Server.Transport.StdIO.start_link(:standard_io, &LXical.Server.protocol_message/1)
Restart: :permanent
Shutdown: 5000
Type: :worker
19:50:43.330 [info] Child LXical.Server.Transport.StdIO of Supervisor LXical.Server.Supervisor started
Pid: #PID<0.1556.0>
Start Call: LXical.Server.Transport.StdIO.start_link(:standard_io, &LXical.Server.protocol_message/1)
Restart: :permanent
Shutdown: 5000
Type: :worker
19:50:43.330 [error] stdio received :eof, server will stop.
19:50:43.330 [error] Child LXical.Server.Transport.StdIO of Supervisor LXical.Server.Supervisor terminated
** (exit) normal
Pid: #PID<0.1556.0>
Start Call: LXical.Server.Transport.StdIO.start_link(:standard_io, &LXical.Server.protocol_message/1)
Restart: :permanent
Shutdown: 5000
Type: :worker
19:50:43.330 [error] Child LXical.Server.Transport.StdIO of Supervisor LXical.Server.Supervisor caused shutdown
** (exit) :reached_max_restart_intensity
Start Call: LXical.Server.Transport.StdIO.start_link(:standard_io, &LXical.Server.protocol_message/1)
Restart: :permanent
Shutdown: 5000
Type: :worker
19:50:45.028 [debug] Child {LoggerFileBackend, :general_log} of Supervisor Logger.Backends.Supervisor started
Pid: #PID<0.114.0>
Start Call: Logger.Backends.Watcher.start_link({{LoggerFileBackend, :general_log}, {LoggerFileBackend, :general_log}})
Restart: :transient
Shutdown: 5000
Type: :worker
19:50:45.028 [info] Child Logger.Backends.Supervisor of Supervisor Logger.Backends.Internal started
Pid: #PID<0.113.0>
Start Call: Logger.Backends.Supervisor.start_link([{LoggerFileBackend, :general_log}])
Restart: :permanent
Shutdown: :infinity
Type: :supervisor
19:50:45.028 [info] Child Logger.Backends.Internal of Supervisor Logger.Supervisor started
Pid: #PID<0.109.0>
Start Call: Logger.Backends.Internal.start_link([])
Restart: :permanent
Shutdown: :infinity
Type: :supervisor
19:50:45.028 [info] Application logger started at :nonode@nohost
19:50:46.095 [info] Child :ttb_autostart of Supervisor :runtime_tools_sup started
Pid: #PID<0.1539.0>
Start Call: :ttb_autostart.start_link()
Restart: :temporary
Shutdown: 3000
Type: :worker
19:50:46.095 [info] Application runtime_tools started at :nonode@nohost
19:50:46.095 [info] Application erts started at :nonode@nohost
19:50:46.095 [info] Application lx_lexical_shared started at :nonode@nohost
19:50:46.095 [info] Application lx_lexical_test started at :nonode@nohost
19:50:46.097 [info] Child LXSnowflake.Generator of Supervisor #PID<0.1542.0> (Supervisor.Default) started
Pid: #PID<0.1543.0>
Start Call: LXSnowflake.Generator.start_link(1704070800000, 1)
Restart: :permanent
Shutdown: 5000
Type: :worker
19:50:46.097 [info] Application lx_snowflake started at :nonode@nohost
19:50:46.097 [info] Application lx_sourceror started at :nonode@nohost
19:50:46.097 [info] Application lx_common started at :nonode@nohost
19:50:46.097 [info] Application lx_elixir_sense started at :nonode@nohost
19:50:46.101 [info] Application jason started at :nonode@nohost
19:50:46.101 [info] Application logger_file_backend started at :nonode@nohost
19:50:46.101 [info] Application lx_path_glob started at :nonode@nohost
19:50:46.101 [info] Application lx_proto started at :nonode@nohost
19:50:46.101 [info] Application lx_protocol started at :nonode@nohost
19:50:46.121 [info] Child LXical.Document.Store of Supervisor LXical.Server.Supervisor started
Pid: #PID<0.1547.0>
Start Call: LXical.Document.Store.start_link([derive: [analysis: &LXical.Ast.analyze/1]])
Restart: :permanent
Shutdown: 5000
Type: :worker
19:50:46.127 [info] Child LXical.Server of Supervisor LXical.Server.Supervisor started
Pid: #PID<0.1548.0>
Start Call: LXical.Server.start_link([])
Restart: :permanent
Shutdown: 5000
Type: :worker
19:50:46.127 [info] Child LXical.Server.ProjectSupervisor of Supervisor LXical.Server.Supervisor started
Pid: #PID<0.1549.0>
Start Call: DynamicSupervisor.start_link([name: LXical.Server.ProjectSupervisor, strategy: :one_for_one])
Restart: :permanent
Shutdown: :infinity
Type: :supervisor
19:50:46.127 [info] Child LXical.Server.TaskQueue.State.TaskSupervisor of Supervisor LXical.Server.Supervisor started
Pid: #PID<0.1550.0>
Start Call: Task.Supervisor.start_link([name: LXical.Server.TaskQueue.State.TaskSupervisor])
Restart: :permanent
Shutdown: :infinity
Type: :supervisor
19:50:46.127 [info] Child LXical.Server.TaskQueue of Supervisor LXical.Server.Supervisor started
Pid: #PID<0.1551.0>
Start Call: LXical.Server.TaskQueue.start_link([])
Restart: :permanent
Shutdown: 5000
Type: :worker
19:50:46.127 [info] Child LXical.Server.Transport.StdIO of Supervisor LXical.Server.Supervisor started
Pid: #PID<0.1552.0>
Start Call: LXical.Server.Transport.StdIO.start_link(:standard_io, &LXical.Server.protocol_message/1)
Restart: :permanent
Shutdown: 5000
Type: :worker
19:50:46.127 [info] Application lx_server started at :nonode@nohost
19:50:46.151 [info] Starting project at uri 
19:50:46.160 [info] Lexical Initialized
19:50:46.163 [info] opened file:///home/lvn/codes/elixir/learn-elixir/midterm/payment_server/lib/payment_server_web/channels/user_socket.ex
19:50:57.340 [error] Shutting down
19:50:57.340 [warning] Received an Exit notification. Halting the server in 150ms
19:50:57.340 [debug] Child :timer_server of Supervisor :kernel_sup started
Pid: #PID<0.1553.0>
Start Call: :timer.start_link()
Restart: :permanent
Shutdown: 1000
Type: :worker
19:50:57.344 [error] stdio received :eof, server will stop.
19:50:57.344 [error] Child LXical.Server.Transport.StdIO of Supervisor LXical.Server.Supervisor terminated
** (exit) normal
Pid: #PID<0.1552.0>
Start Call: LXical.Server.Transport.StdIO.start_link(:standard_io, &LXical.Server.protocol_message/1)
Restart: :permanent
Shutdown: 5000
Type: :worker
19:50:57.344 [info] Child LXical.Server.Transport.StdIO of Supervisor LXical.Server.Supervisor started
Pid: #PID<0.1554.0>
Start Call: LXical.Server.Transport.StdIO.start_link(:standard_io, &LXical.Server.protocol_message/1)
Restart: :permanent
Shutdown: 5000
Type: :worker
19:50:57.344 [error] stdio received :eof, server will stop.
19:50:57.344 [error] Child LXical.Server.Transport.StdIO of Supervisor LXical.Server.Supervisor terminated
** (exit) normal
Pid: #PID<0.1554.0>
Start Call: LXical.Server.Transport.StdIO.start_link(:standard_io, &LXical.Server.protocol_message/1)
Restart: :permanent
Shutdown: 5000
Type: :worker
19:50:57.344 [info] Child LXical.Server.Transport.StdIO of Supervisor LXical.Server.Supervisor started
Pid: #PID<0.1555.0>
Start Call: LXical.Server.Transport.StdIO.start_link(:standard_io, &LXical.Server.protocol_message/1)
Restart: :permanent
Shutdown: 5000
Type: :worker
19:50:57.344 [error] stdio received :eof, server will stop.
19:50:57.344 [error] Child LXical.Server.Transport.StdIO of Supervisor LXical.Server.Supervisor terminated
** (exit) normal
Pid: #PID<0.1555.0>
Start Call: LXical.Server.Transport.StdIO.start_link(:standard_io, &LXical.Server.protocol_message/1)
Restart: :permanent
Shutdown: 5000
Type: :worker
19:50:57.344 [info] Child LXical.Server.Transport.StdIO of Supervisor LXical.Server.Supervisor started
Pid: #PID<0.1556.0>
Start Call: LXical.Server.Transport.StdIO.start_link(:standard_io, &LXical.Server.protocol_message/1)
Restart: :permanent
Shutdown: 5000
Type: :worker
19:50:57.344 [error] stdio received :eof, server will stop.
19:50:57.344 [error] Child LXical.Server.Transport.StdIO of Supervisor LXical.Server.Supervisor terminated
** (exit) normal
Pid: #PID<0.1556.0>
Start Call: LXical.Server.Transport.StdIO.start_link(:standard_io, &LXical.Server.protocol_message/1)
Restart: :permanent
Shutdown: 5000
Type: :worker
19:50:57.344 [error] Child LXical.Server.Transport.StdIO of Supervisor LXical.Server.Supervisor caused shutdown
** (exit) :reached_max_restart_intensity
Start Call: LXical.Server.Transport.StdIO.start_link(:standard_io, &LXical.Server.protocol_message/1)
Restart: :permanent
Shutdown: 5000
Type: :worker
