21:11:19.868 [debug] Child {LoggerFileBackend, :general_log} of Supervisor Logger.Backends.Supervisor started
Pid: #PID<0.114.0>
Start Call: Logger.Backends.Watcher.start_link({{LoggerFileBackend, :general_log}, {LoggerFileBackend, :general_log}})
Restart: :transient
Shutdown: 5000
Type: :worker
21:11:19.868 [info] Child Logger.Backends.Supervisor of Supervisor Logger.Backends.Internal started
Pid: #PID<0.113.0>
Start Call: Logger.Backends.Supervisor.start_link([{LoggerFileBackend, :general_log}])
Restart: :permanent
Shutdown: :infinity
Type: :supervisor
21:11:19.868 [info] Child Logger.Backends.Internal of Supervisor Logger.Supervisor started
Pid: #PID<0.109.0>
Start Call: Logger.Backends.Internal.start_link([])
Restart: :permanent
Shutdown: :infinity
Type: :supervisor
21:11:19.868 [info] Application logger started at :nonode@nohost
21:11:20.958 [info] Child :ttb_autostart of Supervisor :runtime_tools_sup started
Pid: #PID<0.1539.0>
Start Call: :ttb_autostart.start_link()
Restart: :temporary
Shutdown: 3000
Type: :worker
21:11:20.958 [info] Application runtime_tools started at :nonode@nohost
21:11:20.960 [info] Application erts started at :nonode@nohost
21:11:20.960 [info] Application lx_lexical_shared started at :nonode@nohost
21:11:20.960 [info] Application lx_lexical_test started at :nonode@nohost
21:11:20.962 [info] Child LXSnowflake.Generator of Supervisor #PID<0.1542.0> (Supervisor.Default) started
Pid: #PID<0.1543.0>
Start Call: LXSnowflake.Generator.start_link(1704070800000, 1)
Restart: :permanent
Shutdown: 5000
Type: :worker
21:11:20.962 [info] Application lx_snowflake started at :nonode@nohost
21:11:20.962 [info] Application lx_sourceror started at :nonode@nohost
21:11:20.962 [info] Application lx_common started at :nonode@nohost
21:11:20.962 [info] Application lx_elixir_sense started at :nonode@nohost
21:11:20.966 [info] Application jason started at :nonode@nohost
21:11:20.966 [info] Application logger_file_backend started at :nonode@nohost
21:11:20.966 [info] Application lx_path_glob started at :nonode@nohost
21:11:20.966 [info] Application lx_proto started at :nonode@nohost
21:11:20.966 [info] Application lx_protocol started at :nonode@nohost
21:11:20.986 [info] Child LXical.Document.Store of Supervisor LXical.Server.Supervisor started
Pid: #PID<0.1547.0>
Start Call: LXical.Document.Store.start_link([derive: [analysis: &LXical.Ast.analyze/1]])
Restart: :permanent
Shutdown: 5000
Type: :worker
21:11:20.991 [info] Child LXical.Server of Supervisor LXical.Server.Supervisor started
Pid: #PID<0.1548.0>
Start Call: LXical.Server.start_link([])
Restart: :permanent
Shutdown: 5000
Type: :worker
21:11:20.991 [info] Child LXical.Server.ProjectSupervisor of Supervisor LXical.Server.Supervisor started
Pid: #PID<0.1549.0>
Start Call: DynamicSupervisor.start_link([name: LXical.Server.ProjectSupervisor, strategy: :one_for_one])
Restart: :permanent
Shutdown: :infinity
Type: :supervisor
21:11:20.991 [info] Child LXical.Server.TaskQueue.State.TaskSupervisor of Supervisor LXical.Server.Supervisor started
Pid: #PID<0.1550.0>
Start Call: Task.Supervisor.start_link([name: LXical.Server.TaskQueue.State.TaskSupervisor])
Restart: :permanent
Shutdown: :infinity
Type: :supervisor
21:11:20.991 [info] Child LXical.Server.TaskQueue of Supervisor LXical.Server.Supervisor started
Pid: #PID<0.1551.0>
Start Call: LXical.Server.TaskQueue.start_link([])
Restart: :permanent
Shutdown: 5000
Type: :worker
21:11:20.991 [info] Child LXical.Server.Transport.StdIO of Supervisor LXical.Server.Supervisor started
Pid: #PID<0.1552.0>
Start Call: LXical.Server.Transport.StdIO.start_link(:standard_io, &LXical.Server.protocol_message/1)
Restart: :permanent
Shutdown: 5000
Type: :worker
21:11:20.991 [info] Application lx_server started at :nonode@nohost
21:11:21.015 [info] Starting project at uri 
21:11:21.026 [info] Lexical Initialized
21:11:21.029 [info] opened file:///home/lvn/codes/elixir/learn-elixir/midterm/payment_server/lib/payment_server_web/schema/queries/user.ex
21:11:21.062 [error] Shutting down
21:11:21.063 [warning] Received an Exit notification. Halting the server in 150ms
21:11:21.063 [debug] Child :timer_server of Supervisor :kernel_sup started
Pid: #PID<0.1553.0>
Start Call: :timer.start_link()
Restart: :permanent
Shutdown: 1000
Type: :worker
21:11:21.064 [error] stdio received :eof, server will stop.
21:11:21.064 [error] Child LXical.Server.Transport.StdIO of Supervisor LXical.Server.Supervisor terminated
** (exit) normal
Pid: #PID<0.1552.0>
Start Call: LXical.Server.Transport.StdIO.start_link(:standard_io, &LXical.Server.protocol_message/1)
Restart: :permanent
Shutdown: 5000
Type: :worker
21:11:21.064 [info] Child LXical.Server.Transport.StdIO of Supervisor LXical.Server.Supervisor started
Pid: #PID<0.1554.0>
Start Call: LXical.Server.Transport.StdIO.start_link(:standard_io, &LXical.Server.protocol_message/1)
Restart: :permanent
Shutdown: 5000
Type: :worker
21:11:22.604 [debug] Child {LoggerFileBackend, :general_log} of Supervisor Logger.Backends.Supervisor started
Pid: #PID<0.114.0>
Start Call: Logger.Backends.Watcher.start_link({{LoggerFileBackend, :general_log}, {LoggerFileBackend, :general_log}})
Restart: :transient
Shutdown: 5000
Type: :worker
21:11:22.604 [info] Child Logger.Backends.Supervisor of Supervisor Logger.Backends.Internal started
Pid: #PID<0.113.0>
Start Call: Logger.Backends.Supervisor.start_link([{LoggerFileBackend, :general_log}])
Restart: :permanent
Shutdown: :infinity
Type: :supervisor
21:11:22.604 [info] Child Logger.Backends.Internal of Supervisor Logger.Supervisor started
Pid: #PID<0.109.0>
Start Call: Logger.Backends.Internal.start_link([])
Restart: :permanent
Shutdown: :infinity
Type: :supervisor
21:11:22.604 [info] Application logger started at :nonode@nohost
21:11:23.661 [info] Child :ttb_autostart of Supervisor :runtime_tools_sup started
Pid: #PID<0.1539.0>
Start Call: :ttb_autostart.start_link()
Restart: :temporary
Shutdown: 3000
Type: :worker
21:11:23.661 [info] Application runtime_tools started at :nonode@nohost
21:11:23.663 [info] Application erts started at :nonode@nohost
21:11:23.663 [info] Application lx_lexical_shared started at :nonode@nohost
21:11:23.663 [info] Application lx_lexical_test started at :nonode@nohost
21:11:23.665 [info] Child LXSnowflake.Generator of Supervisor #PID<0.1542.0> (Supervisor.Default) started
Pid: #PID<0.1543.0>
Start Call: LXSnowflake.Generator.start_link(1704070800000, 1)
Restart: :permanent
Shutdown: 5000
Type: :worker
21:11:23.665 [info] Application lx_snowflake started at :nonode@nohost
21:11:23.665 [info] Application lx_sourceror started at :nonode@nohost
21:11:23.665 [info] Application lx_common started at :nonode@nohost
21:11:23.665 [info] Application lx_elixir_sense started at :nonode@nohost
21:11:23.668 [info] Application jason started at :nonode@nohost
21:11:23.668 [info] Application logger_file_backend started at :nonode@nohost
21:11:23.668 [info] Application lx_path_glob started at :nonode@nohost
21:11:23.668 [info] Application lx_proto started at :nonode@nohost
21:11:23.668 [info] Application lx_protocol started at :nonode@nohost
21:11:23.690 [info] Child LXical.Document.Store of Supervisor LXical.Server.Supervisor started
Pid: #PID<0.1547.0>
Start Call: LXical.Document.Store.start_link([derive: [analysis: &LXical.Ast.analyze/1]])
Restart: :permanent
Shutdown: 5000
Type: :worker
21:11:23.695 [info] Child LXical.Server of Supervisor LXical.Server.Supervisor started
Pid: #PID<0.1548.0>
Start Call: LXical.Server.start_link([])
Restart: :permanent
Shutdown: 5000
Type: :worker
21:11:23.696 [info] Child LXical.Server.ProjectSupervisor of Supervisor LXical.Server.Supervisor started
Pid: #PID<0.1549.0>
Start Call: DynamicSupervisor.start_link([name: LXical.Server.ProjectSupervisor, strategy: :one_for_one])
Restart: :permanent
Shutdown: :infinity
Type: :supervisor
21:11:23.696 [info] Child LXical.Server.TaskQueue.State.TaskSupervisor of Supervisor LXical.Server.Supervisor started
Pid: #PID<0.1550.0>
Start Call: Task.Supervisor.start_link([name: LXical.Server.TaskQueue.State.TaskSupervisor])
Restart: :permanent
Shutdown: :infinity
Type: :supervisor
21:11:23.696 [info] Child LXical.Server.TaskQueue of Supervisor LXical.Server.Supervisor started
Pid: #PID<0.1551.0>
Start Call: LXical.Server.TaskQueue.start_link([])
Restart: :permanent
Shutdown: 5000
Type: :worker
21:11:23.696 [info] Child LXical.Server.Transport.StdIO of Supervisor LXical.Server.Supervisor started
Pid: #PID<0.1552.0>
Start Call: LXical.Server.Transport.StdIO.start_link(:standard_io, &LXical.Server.protocol_message/1)
Restart: :permanent
Shutdown: 5000
Type: :worker
21:11:23.696 [info] Application lx_server started at :nonode@nohost
21:11:23.720 [info] Starting project at uri 
21:11:23.730 [info] Lexical Initialized
21:11:23.733 [info] opened file:///home/lvn/codes/elixir/learn-elixir/midterm/payment_server/lib/payment_server_web/schema/queries/wallet.ex
21:11:35.169 [error] Shutting down
21:11:35.170 [warning] Received an Exit notification. Halting the server in 150ms
21:11:35.170 [debug] Child :timer_server of Supervisor :kernel_sup started
Pid: #PID<0.1553.0>
Start Call: :timer.start_link()
Restart: :permanent
Shutdown: 1000
Type: :worker
21:11:35.174 [error] stdio received :eof, server will stop.
21:11:35.174 [error] Child LXical.Server.Transport.StdIO of Supervisor LXical.Server.Supervisor terminated
** (exit) normal
Pid: #PID<0.1552.0>
Start Call: LXical.Server.Transport.StdIO.start_link(:standard_io, &LXical.Server.protocol_message/1)
Restart: :permanent
Shutdown: 5000
Type: :worker
21:11:35.174 [info] Child LXical.Server.Transport.StdIO of Supervisor LXical.Server.Supervisor started
Pid: #PID<0.1554.0>
Start Call: LXical.Server.Transport.StdIO.start_link(:standard_io, &LXical.Server.protocol_message/1)
Restart: :permanent
Shutdown: 5000
Type: :worker
21:11:35.175 [error] stdio received :eof, server will stop.
21:11:35.175 [error] Child LXical.Server.Transport.StdIO of Supervisor LXical.Server.Supervisor terminated
** (exit) normal
Pid: #PID<0.1554.0>
Start Call: LXical.Server.Transport.StdIO.start_link(:standard_io, &LXical.Server.protocol_message/1)
Restart: :permanent
Shutdown: 5000
Type: :worker
21:11:35.175 [info] Child LXical.Server.Transport.StdIO of Supervisor LXical.Server.Supervisor started
Pid: #PID<0.1555.0>
Start Call: LXical.Server.Transport.StdIO.start_link(:standard_io, &LXical.Server.protocol_message/1)
Restart: :permanent
Shutdown: 5000
Type: :worker
21:11:35.175 [error] stdio received :eof, server will stop.
21:11:35.175 [error] Child LXical.Server.Transport.StdIO of Supervisor LXical.Server.Supervisor terminated
** (exit) normal
Pid: #PID<0.1555.0>
Start Call: LXical.Server.Transport.StdIO.start_link(:standard_io, &LXical.Server.protocol_message/1)
Restart: :permanent
Shutdown: 5000
Type: :worker
21:11:35.175 [info] Child LXical.Server.Transport.StdIO of Supervisor LXical.Server.Supervisor started
Pid: #PID<0.1556.0>
Start Call: LXical.Server.Transport.StdIO.start_link(:standard_io, &LXical.Server.protocol_message/1)
Restart: :permanent
Shutdown: 5000
Type: :worker
21:11:35.175 [error] stdio received :eof, server will stop.
21:11:35.175 [error] Child LXical.Server.Transport.StdIO of Supervisor LXical.Server.Supervisor terminated
** (exit) normal
Pid: #PID<0.1556.0>
Start Call: LXical.Server.Transport.StdIO.start_link(:standard_io, &LXical.Server.protocol_message/1)
Restart: :permanent
Shutdown: 5000
Type: :worker
21:11:35.175 [error] Child LXical.Server.Transport.StdIO of Supervisor LXical.Server.Supervisor caused shutdown
** (exit) :reached_max_restart_intensity
Start Call: LXical.Server.Transport.StdIO.start_link(:standard_io, &LXical.Server.protocol_message/1)
Restart: :permanent
Shutdown: 5000
Type: :worker
